2024-05-12 19:56:21 - Общее количество найденных матчей 1332 (FlashScoreSiteDownloader.py:248)
2024-05-12 19:57:49 - Общее количество найденных матчей 1332 (FlashScoreSiteDownloader.py:248)
2024-05-12 20:07:43 - Общее количество найденных матчей 1298 (FlashScoreSiteDownloader.py:248)
2024-05-12 20:32:55 - Общее количество найденных матчей 1298 (FlashScoreSiteDownloader.py:231)
2024-05-12 20:32:55 - Создание файла (FlashScoreSiteDownloader.py:140)
2024-05-12 20:37:40 - Общее количество найденных матчей 1298 (FlashScoreSiteDownloader.py:229)
2024-05-12 20:37:40 - Создание файла (FlashScoreSiteDownloader.py:133)
2024-05-12 20:37:55 - Файл успешно создан (FlashScoreSiteDownloader.py:143)
2024-05-12 21:00:47 - Общее количество найденных матчей 1298 (FlashScoreSiteDownloader.py:229)
2024-05-12 21:02:26 - Общее количество найденных матчей 0 (FlashScoreSiteDownloader.py:229)
2024-05-12 21:02:38 - Общее количество найденных матчей 400 (FlashScoreSiteDownloader.py:229)
2024-05-12 21:03:19 - Общее количество найденных матчей 1298 (FlashScoreSiteDownloader.py:229)
2024-05-12 21:03:19 - Количество матчей с ОТ 203 (FlashScoreSiteDownloader.py:231)
2024-05-12 21:03:19 - Создание файла (FlashScoreSiteDownloader.py:133)
2024-05-12 21:03:19 - Файл успешно создан (FlashScoreSiteDownloader.py:143)
2024-05-13 13:05:34 - Количество анализируемых признаков 42 (StatisticsCalculatorOne.py:38)
2024-05-13 13:06:53 - Количество анализируемых признаков 42 (StatisticsCalculatorOne.py:38)
2024-05-13 13:08:08 - Количество анализируемых признаков 42 (StatisticsCalculatorOne.py:38)
2024-05-13 13:11:02 - Количество анализируемых признаков 42 (StatisticsCalculatorOne.py:38)
2024-05-13 13:20:20 - Количество анализируемых признаков 42 (StatisticsCalculatorOne.py:40)
2024-05-13 13:21:03 - Количество анализируемых признаков 42 (StatisticsCalculatorOne.py:40)
2024-05-13 13:22:04 - Количество анализируемых признаков 42 (StatisticsCalculatorOne.py:40)
2024-05-13 13:24:14 - Общее количество найденных матчей 1298 (FlashScoreSiteDownloader.py:235)
2024-05-13 13:24:14 - Количество матчей с ОТ 1095 (FlashScoreSiteDownloader.py:237)
2024-05-13 13:24:14 - Создание файла (FlashScoreSiteDownloader.py:139)
2024-05-13 13:24:21 - Файл успешно создан (FlashScoreSiteDownloader.py:149)
2024-05-13 13:24:21 - Время выполнения нахождения и записи данных с сайта в csv файл 0:00:17.509850 (FlashScoreSiteDownloader.py:242)
2024-05-13 13:24:21 - Количество анализируемых признаков 42 (StatisticsCalculatorOne.py:40)
2024-05-13 13:24:47 - Количество анализируемых признаков 42 (StatisticsCalculatorOne.py:40)
2024-05-13 13:25:43 - Количество анализируемых признаков 42 (StatisticsCalculatorOne.py:40)
2024-05-13 13:26:28 - Общее количество найденных матчей 1298 (FlashScoreSiteDownloader.py:235)
2024-05-13 13:26:28 - Количество матчей с ОТ 1095 (FlashScoreSiteDownloader.py:237)
2024-05-13 13:26:28 - Создание файла (FlashScoreSiteDownloader.py:139)
2024-05-13 13:28:22 - Общее количество найденных матчей 1298 (FlashScoreSiteDownloader.py:167)
2024-05-13 13:28:22 - Количество матчей с ОТ 770 (FlashScoreSiteDownloader.py:169)
2024-05-13 13:28:22 - Создание файла (FlashScoreSiteDownloader.py:71)
2024-05-13 13:28:28 - Файл успешно создан (FlashScoreSiteDownloader.py:81)
2024-05-13 13:28:28 - Время выполнения нахождения и записи данных с сайта в csv файл 0:00:14.221808 (FlashScoreSiteDownloader.py:174)
2024-05-13 13:28:28 - Количество анализируемых признаков 42 (StatisticsCalculatorOne.py:40)
2024-05-13 13:35:39 - Общее количество найденных матчей 1298 (FlashScoreSiteDownloader.py:167)
2024-05-13 13:35:39 - Количество матчей с ОТ 770 (FlashScoreSiteDownloader.py:169)
2024-05-13 13:35:39 - Создание файла (FlashScoreSiteDownloader.py:71)
2024-05-13 13:35:39 - Файл успешно создан (FlashScoreSiteDownloader.py:81)
2024-05-13 13:35:39 - Время выполнения нахождения и записи данных с сайта в csv файл 0:00:08.283227 (FlashScoreSiteDownloader.py:174)
2024-05-13 13:35:39 - Количество анализируемых признаков 42 (StatisticsCalculatorOne.py:40)
2024-05-13 13:38:29 - Количество анализируемых признаков 42 (StatisticsCalculatorOne.py:40)
2024-05-13 13:39:20 - Количество анализируемых признаков 42 (StatisticsCalculatorOne.py:40)
2024-05-13 13:41:13 - Количество анализируемых признаков 42 (StatisticsCalculatorOne.py:40)
2024-05-13 13:42:00 - Количество анализируемых признаков 42 (StatisticsCalculatorOne.py:40)
2024-05-13 13:42:36 - Количество анализируемых признаков 42 (StatisticsCalculatorOne.py:40)
2024-05-13 13:43:25 - Количество анализируемых признаков 42 (StatisticsCalculatorOne.py:40)
2024-05-13 13:44:20 - Количество анализируемых признаков 42 (StatisticsCalculatorOne.py:40)
2024-05-14 00:13:50 - Количество анализируемых признаков 42 (StatisticsCalculatorOne.py:40)
2024-05-14 00:14:24 - Количество анализируемых признаков 42 (StatisticsCalculatorOne.py:40)
